# JRE version: Java(TM) SE Runtime Environment (8.0_221-b11) (build 1.8.0_221-b11)
# Java VM: Java HotSpot(TM) 64-Bit Server VM (25.221-b11 mixed mode windows-amd64 compressed oops)
Heap:
 PSYoungGen      total 143360K, used 7392K [0x00000000f5580000, 0x0000000100000000, 0x0000000100000000)
  eden space 112128K, 0% used [0x00000000f5580000,0x00000000f5580000,0x00000000fc300000)
  from space 31232K, 23% used [0x00000000fc300000,0x00000000fca38030,0x00000000fe180000)
  to   space 30720K, 0% used [0x00000000fe200000,0x00000000fe200000,0x0000000100000000)
 ParOldGen       total 175104K, used 158111K [0x00000000e0000000, 0x00000000eab00000, 0x00000000f5580000)
  object space 175104K, 90% used [0x00000000e0000000,0x00000000e9a67cd8,0x00000000eab00000)
 Metaspace       used 75406K, capacity 80830K, committed 81152K, reserved 1120256K
  class space    used 10121K, capacity 11140K, committed 11264K, reserved 1048576K
GC Heap History (10 events):
Event: 518.855 GC heap after
Heap after GC invocations=22 (full 3):
 PSYoungGen      total 148992K, used 6179K [0x00000000f5580000, 0x0000000100000000, 0x0000000100000000)
  eden space 123392K, 0% used [0x00000000f5580000,0x00000000f5580000,0x00000000fce00000)
  from space 25600K, 24% used [0x00000000fce00000,0x00000000fd408fb8,0x00000000fe700000)
  to   space 25600K, 0% used [0x00000000fe700000,0x00000000fe700000,0x0000000100000000)
 ParOldGen       total 175104K, used 109396K [0x00000000e0000000, 0x00000000eab00000, 0x00000000f5580000)
  object space 175104K, 62% used [0x00000000e0000000,0x00000000e6ad5190,0x00000000eab00000)
 Metaspace       used 74592K, capacity 79802K, committed 80000K, reserved 1118208K
  class space    used 10085K, capacity 11080K, committed 11136K, reserved 1048576K
}
Event: 523.239 GC heap before
{Heap before GC invocations=23 (full 3):
 PSYoungGen      total 148992K, used 129571K [0x00000000f5580000, 0x0000000100000000, 0x0000000100000000)
  eden space 123392K, 100% used [0x00000000f5580000,0x00000000fce00000,0x00000000fce00000)
  from space 25600K, 24% used [0x00000000fce00000,0x00000000fd408fb8,0x00000000fe700000)
  to   space 25600K, 0% used [0x00000000fe700000,0x00000000fe700000,0x0000000100000000)
 ParOldGen       total 175104K, used 109396K [0x00000000e0000000, 0x00000000eab00000, 0x00000000f5580000)
  object space 175104K, 62% used [0x00000000e0000000,0x00000000e6ad5190,0x00000000eab00000)
 Metaspace       used 74870K, capacity 80130K, committed 80256K, reserved 1118208K
  class space    used 10093K, capacity 11092K, committed 11136K, reserved 1048576K
Event: 523.308 GC heap after
Heap after GC invocations=23 (full 3):
 PSYoungGen      total 140800K, used 25573K [0x00000000f5580000, 0x0000000100000000, 0x0000000100000000)
  eden space 115200K, 0% used [0x00000000f5580000,0x00000000f5580000,0x00000000fc600000)
  from space 25600K, 99% used [0x00000000fe700000,0x00000000ffff9688,0x0000000100000000)
  to   space 29696K, 0% used [0x00000000fc600000,0x00000000fc600000,0x00000000fe300000)
 ParOldGen       total 175104K, used 111274K [0x00000000e0000000, 0x00000000eab00000, 0x00000000f5580000)
  object space 175104K, 63% used [0x00000000e0000000,0x00000000e6caaa58,0x00000000eab00000)
 Metaspace       used 74870K, capacity 80130K, committed 80256K, reserved 1118208K
  class space    used 10093K, capacity 11092K, committed 11136K, reserved 1048576K
}
Event: 527.387 GC heap before
{Heap before GC invocations=24 (full 3):
 PSYoungGen      total 140800K, used 140773K [0x00000000f5580000, 0x0000000100000000, 0x0000000100000000)
  eden space 115200K, 100% used [0x00000000f5580000,0x00000000fc600000,0x00000000fc600000)
  from space 25600K, 99% used [0x00000000fe700000,0x00000000ffff9688,0x0000000100000000)
  to   space 29696K, 0% used [0x00000000fc600000,0x00000000fc600000,0x00000000fe300000)
 ParOldGen       total 175104K, used 111274K [0x00000000e0000000, 0x00000000eab00000, 0x00000000f5580000)
  object space 175104K, 63% used [0x00000000e0000000,0x00000000e6caaa58,0x00000000eab00000)
 Metaspace       used 74997K, capacity 80266K, committed 80512K, reserved 1118208K
  class space    used 10099K, capacity 11102K, committed 11136K, reserved 1048576K
Event: 527.539 GC heap after
Heap after GC invocations=24 (full 3):
 PSYoungGen      total 118272K, used 3024K [0x00000000f5580000, 0x0000000100000000, 0x0000000100000000)
  eden space 115200K, 0% used [0x00000000f5580000,0x00000000f5580000,0x00000000fc600000)
  from space 3072K, 98% used [0x00000000fc600000,0x00000000fc8f4010,0x00000000fc900000)
  to   space 30208K, 0% used [0x00000000fe280000,0x00000000fe280000,0x0000000100000000)
 ParOldGen       total 175104K, used 136013K [0x00000000e0000000, 0x00000000eab00000, 0x00000000f5580000)
  object space 175104K, 77% used [0x00000000e0000000,0x00000000e84d35a0,0x00000000eab00000)
 Metaspace       used 74997K, capacity 80266K, committed 80512K, reserved 1118208K
  class space    used 10099K, capacity 11102K, committed 11136K, reserved 1048576K
}
Event: 622.987 GC heap before
{Heap before GC invocations=25 (full 3):
 PSYoungGen      total 118272K, used 118224K [0x00000000f5580000, 0x0000000100000000, 0x0000000100000000)
  eden space 115200K, 100% used [0x00000000f5580000,0x00000000fc600000,0x00000000fc600000)
  from space 3072K, 98% used [0x00000000fc600000,0x00000000fc8f4010,0x00000000fc900000)
  to   space 30208K, 0% used [0x00000000fe280000,0x00000000fe280000,0x0000000100000000)
 ParOldGen       total 175104K, used 136013K [0x00000000e0000000, 0x00000000eab00000, 0x00000000f5580000)
  object space 175104K, 77% used [0x00000000e0000000,0x00000000e84d35a0,0x00000000eab00000)
 Metaspace       used 75355K, capacity 80760K, committed 80896K, reserved 1118208K
  class space    used 10120K, capacity 11139K, committed 11264K, reserved 1048576K
Event: 623.132 GC heap after
Heap after GC invocations=25 (full 3):
 PSYoungGen      total 142336K, used 20917K [0x00000000f5580000, 0x0000000100000000, 0x0000000100000000)
  eden space 112128K, 0% used [0x00000000f5580000,0x00000000f5580000,0x00000000fc300000)
  from space 30208K, 69% used [0x00000000fe280000,0x00000000ff6ed678,0x0000000100000000)
  to   space 31232K, 0% used [0x00000000fc300000,0x00000000fc300000,0x00000000fe180000)
 ParOldGen       total 175104K, used 137846K [0x00000000e0000000, 0x00000000eab00000, 0x00000000f5580000)
  object space 175104K, 78% used [0x00000000e0000000,0x00000000e869da70,0x00000000eab00000)
 Metaspace       used 75355K, capacity 80760K, committed 80896K, reserved 1118208K
  class space    used 10120K, capacity 11139K, committed 11264K, reserved 1048576K
}
Event: 629.547 GC heap before
{Heap before GC invocations=26 (full 3):
 PSYoungGen      total 142336K, used 133045K [0x00000000f5580000, 0x0000000100000000, 0x0000000100000000)
  eden space 112128K, 100% used [0x00000000f5580000,0x00000000fc300000,0x00000000fc300000)
  from space 30208K, 69% used [0x00000000fe280000,0x00000000ff6ed678,0x0000000100000000)
  to   space 31232K, 0% used [0x00000000fc300000,0x00000000fc300000,0x00000000fe180000)
 ParOldGen       total 175104K, used 137846K [0x00000000e0000000, 0x00000000eab00000, 0x00000000f5580000)
  object space 175104K, 78% used [0x00000000e0000000,0x00000000e869da70,0x00000000eab00000)
 Metaspace       used 75406K, capacity 80830K, committed 81152K, reserved 1120256K
  class space    used 10121K, capacity 11140K, committed 11264K, reserved 1048576K
Event: 629.643 GC heap after
Heap after GC invocations=26 (full 3):
 PSYoungGen      total 143360K, used 7392K [0x00000000f5580000, 0x0000000100000000, 0x0000000100000000)
  eden space 112128K, 0% used [0x00000000f5580000,0x00000000f5580000,0x00000000fc300000)
  from space 31232K, 23% used [0x00000000fc300000,0x00000000fca38030,0x00000000fe180000)
  to   space 30720K, 0% used [0x00000000fe200000,0x00000000fe200000,0x0000000100000000)
 ParOldGen       total 175104K, used 158111K [0x00000000e0000000, 0x00000000eab00000, 0x00000000f5580000)
  object space 175104K, 90% used [0x00000000e0000000,0x00000000e9a67cd8,0x00000000eab00000)
 Metaspace       used 75406K, capacity 80830K, committed 81152K, reserved 1120256K
  class space    used 10121K, capacity 11140K, committed 11264K, reserved 1048576K
}
Event: 629.643 GC heap before
{Heap before GC invocations=27 (full 4):
 PSYoungGen      total 143360K, used 7392K [0x00000000f5580000, 0x0000000100000000, 0x0000000100000000)
  eden space 112128K, 0% used [0x00000000f5580000,0x00000000f5580000,0x00000000fc300000)
  from space 31232K, 23% used [0x00000000fc300000,0x00000000fca38030,0x00000000fe180000)
  to   space 30720K, 0% used [0x00000000fe200000,0x00000000fe200000,0x0000000100000000)
 ParOldGen       total 175104K, used 158111K [0x00000000e0000000, 0x00000000eab00000, 0x00000000f5580000)
  object space 175104K, 90% used [0x00000000e0000000,0x00000000e9a67cd8,0x00000000eab00000)
 Metaspace       used 75406K, capacity 80830K, committed 81152K, reserved 1120256K
  class space    used 10121K, capacity 11140K, committed 11264K, reserved 1048576K

